21:40:37.284 INFO  org.springframework.core.KotlinDetector 57 <clinit> - Kotlin reflection implementation not found at runtime, related features won't be available.
21:40:37.923 INFO  org.springframework.boot.StartupInfoLogger 50 logStarting - Starting ProgrammingCommunityApplication on ST9M6YAUI06J0H9 with PID 50012 (F:\bootdemo\programming-community\target\classes started by Administrator in F:\bootdemo\programming-community)
21:40:37.924 INFO  org.springframework.boot.SpringApplication 648 logStartupProfileInfo - No active profile set, falling back to default profiles: default
21:40:37.979 INFO  org.springframework.boot.logging.DeferredLog 225 logTo - Devtools property defaults active! Set 'spring.devtools.add-properties' to 'false' to disable
21:40:37.979 INFO  org.springframework.boot.logging.DeferredLog 225 logTo - For additional web related logging consider setting the 'logging.level.web' property to 'DEBUG'
21:40:38.005 WARN  org.springframework.core.log.CompositeLog 127 warn - For Jackson Kotlin classes support please add "com.fasterxml.jackson.module:jackson-module-kotlin" to the classpath
21:40:39.059 INFO  org.springframework.data.repository.config.RepositoryConfigurationDelegate 247 multipleStoresDetected - Multiple Spring Data modules found, entering strict repository configuration mode!
21:40:39.063 INFO  org.springframework.data.repository.config.RepositoryConfigurationDelegate 127 registerRepositoriesIn - Bootstrapping Spring Data Elasticsearch repositories in DEFAULT mode.
21:40:39.156 INFO  org.springframework.data.repository.config.RepositoryConfigurationDelegate 185 registerRepositoriesIn - Finished Spring Data repository scanning in 88ms. Found 1 Elasticsearch repository interfaces.
21:40:39.171 INFO  org.springframework.data.repository.config.RepositoryConfigurationDelegate 247 multipleStoresDetected - Multiple Spring Data modules found, entering strict repository configuration mode!
21:40:39.173 INFO  org.springframework.data.repository.config.RepositoryConfigurationDelegate 127 registerRepositoriesIn - Bootstrapping Spring Data Redis repositories in DEFAULT mode.
21:40:39.195 INFO  org.springframework.data.repository.config.RepositoryConfigurationExtensionSupport 392 isStrictRepositoryCandidate - Spring Data Redis - Could not safely identify store assignment for repository candidate interface com.xu.majiangcommunity.dao.ArticleRepo. If you want this repository to be a Redis repository, consider annotating your entities with one of these annotations: org.springframework.data.redis.core.RedisHash (preferred), or consider extending one of the following types with your repository: org.springframework.data.keyvalue.repository.KeyValueRepository.
21:40:39.195 INFO  org.springframework.data.repository.config.RepositoryConfigurationDelegate 185 registerRepositoriesIn - Finished Spring Data repository scanning in 11ms. Found 0 Redis repository interfaces.
21:40:39.378 WARN  org.mybatis.logging.Logger 44 warn - Skipping MapperFactoryBean with name 'articleRepo' and 'com.xu.majiangcommunity.dao.ArticleRepo' mapperInterface. Bean already defined with the same name!
21:40:39.695 INFO  org.springframework.context.support.PostProcessorRegistrationDelegate$BeanPostProcessorChecker 330 postProcessAfterInitialization - Bean 'org.springframework.transaction.annotation.ProxyTransactionManagementConfiguration' of type [org.springframework.transaction.annotation.ProxyTransactionManagementConfiguration$$EnhancerBySpringCGLIB$$15c1e6c9] is not eligible for getting processed by all BeanPostProcessors (for example: not eligible for auto-proxying)
21:40:39.844 INFO  org.springframework.context.support.PostProcessorRegistrationDelegate$BeanPostProcessorChecker 330 postProcessAfterInitialization - Bean 'org.springframework.security.config.annotation.configuration.ObjectPostProcessorConfiguration' of type [org.springframework.security.config.annotation.configuration.ObjectPostProcessorConfiguration$$EnhancerBySpringCGLIB$$ae6faf03] is not eligible for getting processed by all BeanPostProcessors (for example: not eligible for auto-proxying)
21:40:39.854 INFO  org.springframework.context.support.PostProcessorRegistrationDelegate$BeanPostProcessorChecker 330 postProcessAfterInitialization - Bean 'objectPostProcessor' of type [org.springframework.security.config.annotation.configuration.AutowireBeanFactoryObjectPostProcessor] is not eligible for getting processed by all BeanPostProcessors (for example: not eligible for auto-proxying)
21:40:39.859 INFO  org.springframework.context.support.PostProcessorRegistrationDelegate$BeanPostProcessorChecker 330 postProcessAfterInitialization - Bean 'org.springframework.security.access.expression.method.DefaultMethodSecurityExpressionHandler@1c744417' of type [org.springframework.security.access.expression.method.DefaultMethodSecurityExpressionHandler] is not eligible for getting processed by all BeanPostProcessors (for example: not eligible for auto-proxying)
21:40:39.862 INFO  org.springframework.context.support.PostProcessorRegistrationDelegate$BeanPostProcessorChecker 330 postProcessAfterInitialization - Bean 'org.springframework.security.config.annotation.method.configuration.GlobalMethodSecurityConfiguration' of type [org.springframework.security.config.annotation.method.configuration.GlobalMethodSecurityConfiguration$$EnhancerBySpringCGLIB$$d34451b5] is not eligible for getting processed by all BeanPostProcessors (for example: not eligible for auto-proxying)
21:40:39.874 INFO  org.springframework.context.support.PostProcessorRegistrationDelegate$BeanPostProcessorChecker 330 postProcessAfterInitialization - Bean 'methodSecurityMetadataSource' of type [org.springframework.security.access.method.DelegatingMethodSecurityMetadataSource] is not eligible for getting processed by all BeanPostProcessors (for example: not eligible for auto-proxying)
21:40:40.349 INFO  org.springframework.boot.web.embedded.tomcat.TomcatWebServer 90 initialize - Tomcat initialized with port(s): 8083 (http)
21:40:40.365 INFO  org.apache.juli.logging.DirectJDKLog 173 log - Initializing ProtocolHandler ["http-nio-8083"]
21:40:40.375 INFO  org.apache.juli.logging.DirectJDKLog 173 log - Starting service [Tomcat]
21:40:40.376 INFO  org.apache.juli.logging.DirectJDKLog 173 log - Starting Servlet engine: [Apache Tomcat/9.0.29]
21:40:40.480 INFO  org.apache.juli.logging.DirectJDKLog 173 log - Initializing Spring embedded WebApplicationContext
21:40:40.480 INFO  org.springframework.boot.web.servlet.context.ServletWebServerApplicationContext 284 prepareWebApplicationContext - Root WebApplicationContext: initialization completed in 2500 ms
21:40:41.730 INFO  org.elasticsearch.plugins.PluginsService 190 logPluginInfo - no modules loaded
21:40:41.731 INFO  org.elasticsearch.plugins.PluginsService 193 logPluginInfo - loaded plugin [org.elasticsearch.index.reindex.ReindexPlugin]
21:40:41.731 INFO  org.elasticsearch.plugins.PluginsService 193 logPluginInfo - loaded plugin [org.elasticsearch.join.ParentJoinPlugin]
21:40:41.732 INFO  org.elasticsearch.plugins.PluginsService 193 logPluginInfo - loaded plugin [org.elasticsearch.percolator.PercolatorPlugin]
21:40:41.732 INFO  org.elasticsearch.plugins.PluginsService 193 logPluginInfo - loaded plugin [org.elasticsearch.script.mustache.MustachePlugin]
21:40:41.732 INFO  org.elasticsearch.plugins.PluginsService 193 logPluginInfo - loaded plugin [org.elasticsearch.transport.Netty4Plugin]
21:40:42.830 INFO  org.springframework.data.elasticsearch.client.TransportClientFactoryBean 88 lambda$buildClient$0 - Adding transport node : 192.168.161.129:9301
21:40:43.686 WARN  org.springframework.boot.devtools.autoconfigure.OptionalLiveReloadServer 60 startServer - Unable to start LiveReload server
21:40:44.672 INFO  org.springframework.security.web.DefaultSecurityFilterChain 43 <init> - Creating filter chain: any request, [org.springframework.security.web.context.request.async.WebAsyncManagerIntegrationFilter@70ef51ff, org.springframework.security.web.context.SecurityContextPersistenceFilter@388c1bc, org.springframework.security.web.header.HeaderWriterFilter@7112ae8a, org.springframework.security.web.authentication.logout.LogoutFilter@44f3d53f, org.springframework.security.web.authentication.UsernamePasswordAuthenticationFilter@1df5cde0, org.springframework.security.web.savedrequest.RequestCacheAwareFilter@4a735828, org.springframework.security.web.servletapi.SecurityContextHolderAwareRequestFilter@71684fde, org.springframework.security.web.authentication.rememberme.RememberMeAuthenticationFilter@17b6b406, org.springframework.security.web.authentication.AnonymousAuthenticationFilter@7a5c6d66, org.springframework.security.web.session.SessionManagementFilter@65541b73, org.springframework.security.web.access.ExceptionTranslationFilter@1414a79b, org.springframework.security.web.access.intercept.FilterSecurityInterceptor@cf72c47]
21:40:44.682 INFO  org.springframework.scheduling.concurrent.ExecutorConfigurationSupport 171 initialize - Initializing ExecutorService
21:40:44.684 INFO  org.springframework.scheduling.concurrent.ExecutorConfigurationSupport 171 initialize - Initializing ExecutorService 'taskSch'
21:40:44.789 INFO  org.elasticsearch.transport.netty4.Netty4InternalESLogger 104 info - Starting without optional epoll library
21:40:44.790 INFO  org.elasticsearch.transport.netty4.Netty4InternalESLogger 104 info - Starting without optional kqueue library
21:40:45.226 INFO  org.springframework.boot.autoconfigure.web.servlet.WelcomePageHandlerMapping 58 <init> - Adding welcome page template: index
21:40:46.829 INFO  org.springframework.amqp.rabbit.connection.AbstractConnectionFactory 482 createBareConnection - Attempting to connect to: [192.168.161.129:5672]
21:40:47.225 INFO  org.springframework.amqp.rabbit.connection.AbstractConnectionFactory 517 createBareConnection - Created new connection: rabbitConnectionFactory#2106f651:0/SimpleConnection@2625a8c8 [delegate=amqp://root@192.168.161.129:5672/mj, localPort= 14889]
21:40:47.497 INFO  org.apache.juli.logging.DirectJDKLog 173 log - Starting ProtocolHandler ["http-nio-8083"]
21:40:47.657 INFO  org.springframework.boot.web.embedded.tomcat.TomcatWebServer 202 start - Tomcat started on port(s): 8083 (http) with context path ''
21:40:47.710 INFO  org.springframework.boot.StartupInfoLogger 59 logStarted - Started ProgrammingCommunityApplication in 10.302 seconds (JVM running for 11.816)
21:42:19.553 INFO  org.springframework.amqp.rabbit.listener.SimpleMessageListenerContainer 591 doShutdown - Waiting for workers to finish.
21:42:19.563 INFO  org.springframework.amqp.rabbit.listener.SimpleMessageListenerContainer 594 doShutdown - Successfully waited for workers to finish.
21:42:19.576 INFO  org.springframework.amqp.rabbit.listener.AbstractMessageListenerContainer 1226 shutdown - Shutdown ignored - container is not active already
21:42:19.577 INFO  org.springframework.scheduling.concurrent.ExecutorConfigurationSupport 208 shutdown - Shutting down ExecutorService 'taskSch'
